-------------------------------------------------------------------------------

Test set: com.fresco.jdbcTests.JdbcTest

-------------------------------------------------------------------------------

Tests run: 5, Failures: 0, Errors: 3, Skipped: 0, Time elapsed: 0.508 sec <<< FAILURE!

test2(com.fresco.jdbcTests.JdbcTest)  Time elapsed: 0.048 sec  <<< ERROR!

java.sql.SQLException: Operation not allowed after ResultSet closed

	at com.mysql.jdbc.SQLError.createSQLException(SQLError.java:1055)

	at com.mysql.jdbc.SQLError.createSQLException(SQLError.java:956)

	at com.mysql.jdbc.SQLError.createSQLException(SQLError.java:926)

	at com.mysql.jdbc.ResultSetImpl.checkClosed(ResultSetImpl.java:768)

	at com.mysql.jdbc.ResultSetImpl.getMetaData(ResultSetImpl.java:2990)

	at com.fresco.jdbc.code.DbOperations.getCategoryById(DbOperations.java:47)

	at com.fresco.jdbcTests.JdbcTest.test2(JdbcTest.java:27)

	at sun.reflect.NativeMethodAccessorImpl.invoke0(Native Method)

	at sun.reflect.NativeMethodAccessorImpl.invoke(NativeMethodAccessorImpl.java:62)

	at sun.reflect.DelegatingMethodAccessorImpl.invoke(DelegatingMethodAccessorImpl.java:43)

	at java.lang.reflect.Method.invoke(Method.java:498)

	at org.junit.runners.model.FrameworkMethod$1.runReflectiveCall(FrameworkMethod.java:59)

	at org.junit.internal.runners.model.ReflectiveCallable.run(ReflectiveCallable.java:12)

	at org.junit.runners.model.FrameworkMethod.invokeExplosively(FrameworkMethod.java:56)

	at org.junit.internal.runners.statements.InvokeMethod.evaluate(InvokeMethod.java:17)

	at org.junit.runners.ParentRunner$3.evaluate(ParentRunner.java:306)

	at org.junit.runners.BlockJUnit4ClassRunner$1.evaluate(BlockJUnit4ClassRunner.java:100)

	at org.junit.runners.ParentRunner.runLeaf(ParentRunner.java:366)

	at org.junit.runners.BlockJUnit4ClassRunner.runChild(BlockJUnit4ClassRunner.java:103)

	at org.junit.runners.BlockJUnit4ClassRunner.runChild(BlockJUnit4ClassRunner.java:63)

	at org.junit.runners.ParentRunner$4.run(ParentRunner.java:331)

	at org.junit.runners.ParentRunner$1.schedule(ParentRunner.java:79)

	at org.junit.runners.ParentRunner.runChildren(ParentRunner.java:329)

	at org.junit.runners.ParentRunner.access$100(ParentRunner.java:66)

	at org.junit.runners.ParentRunner$2.evaluate(ParentRunner.java:293)

	at org.junit.runners.ParentRunner$3.evaluate(ParentRunner.java:306)

	at org.junit.runners.ParentRunner.run(ParentRunner.java:413)

	at org.apache.maven.surefire.junit4.JUnit4Provider.execute(JUnit4Provider.java:252)

	at org.apache.maven.surefire.junit4.JUnit4Provider.executeTestSet(JUnit4Provider.java:141)

	at org.apache.maven.surefire.junit4.JUnit4Provider.invoke(JUnit4Provider.java:112)

	at sun.reflect.NativeMethodAccessorImpl.invoke0(Native Method)

	at sun.reflect.NativeMethodAccessorImpl.invoke(NativeMethodAccessorImpl.java:62)

	at sun.reflect.DelegatingMethodAccessorImpl.invoke(DelegatingMethodAccessorImpl.java:43)

	at java.lang.reflect.Method.invoke(Method.java:498)

	at org.apache.maven.surefire.util.ReflectionUtils.invokeMethodWithArray(ReflectionUtils.java:189)

	at org.apache.maven.surefire.booter.ProviderFactory$ProviderProxy.invoke(ProviderFactory.java:165)

	at org.apache.maven.surefire.booter.ProviderFactory.invokeProvider(ProviderFactory.java:85)

	at org.apache.maven.surefire.booter.ForkedBooter.runSuitesInProcess(ForkedBooter.java:115)

	at org.apache.maven.surefire.booter.ForkedBooter.main(ForkedBooter.java:75)

test4(com.fresco.jdbcTests.JdbcTest)  Time elapsed: 0.007 sec  <<< ERROR!

java.sql.SQLException: Parameter index out of range (2 > number of parameters, which is 1).

	at com.mysql.jdbc.SQLError.createSQLException(SQLError.java:1055)

	at com.mysql.jdbc.SQLError.createSQLException(SQLError.java:956)

	at com.mysql.jdbc.SQLError.createSQLException(SQLError.java:926)

	at com.mysql.jdbc.PreparedStatement.checkBounds(PreparedStatement.java:3288)

	at com.mysql.jdbc.PreparedStatement.setInternal(PreparedStatement.java:3272)

	at com.mysql.jdbc.PreparedStatement.setInternal(PreparedStatement.java:3314)

	at com.mysql.jdbc.PreparedStatement.setFloat(PreparedStatement.java:3239)

	at com.fresco.jdbc.code.DbOperations.insertProduct(DbOperations.java:68)

	at com.fresco.jdbcTests.JdbcTest.test4(JdbcTest.java:78)

	at sun.reflect.NativeMethodAccessorImpl.invoke0(Native Method)

	at sun.reflect.NativeMethodAccessorImpl.invoke(NativeMethodAccessorImpl.java:62)

	at sun.reflect.DelegatingMethodAccessorImpl.invoke(DelegatingMethodAccessorImpl.java:43)

	at java.lang.reflect.Method.invoke(Method.java:498)

	at org.junit.runners.model.FrameworkMethod$1.runReflectiveCall(FrameworkMethod.java:59)

	at org.junit.internal.runners.model.ReflectiveCallable.run(ReflectiveCallable.java:12)

	at org.junit.runners.model.FrameworkMethod.invokeExplosively(FrameworkMethod.java:56)

	at org.junit.internal.runners.statements.InvokeMethod.evaluate(InvokeMethod.java:17)

	at org.junit.runners.ParentRunner$3.evaluate(ParentRunner.java:306)

	at org.junit.runners.BlockJUnit4ClassRunner$1.evaluate(BlockJUnit4ClassRunner.java:100)

	at org.junit.runners.ParentRunner.runLeaf(ParentRunner.java:366)

	at org.junit.runners.BlockJUnit4ClassRunner.runChild(BlockJUnit4ClassRunner.java:103)

	at org.junit.runners.BlockJUnit4ClassRunner.runChild(BlockJUnit4ClassRunner.java:63)

	at org.junit.runners.ParentRunner$4.run(ParentRunner.java:331)

	at org.junit.runners.ParentRunner$1.schedule(ParentRunner.java:79)

	at org.junit.runners.ParentRunner.runChildren(ParentRunner.java:329)

	at org.junit.runners.ParentRunner.access$100(ParentRunner.java:66)

	at org.junit.runners.ParentRunner$2.evaluate(ParentRunner.java:293)

	at org.junit.runners.ParentRunner$3.evaluate(ParentRunner.java:306)

	at org.junit.runners.ParentRunner.run(ParentRunner.java:413)

	at org.apache.maven.surefire.junit4.JUnit4Provider.execute(JUnit4Provider.java:252)

	at org.apache.maven.surefire.junit4.JUnit4Provider.executeTestSet(JUnit4Provider.java:141)

	at org.apache.maven.surefire.junit4.JUnit4Provider.invoke(JUnit4Provider.java:112)

	at sun.reflect.NativeMethodAccessorImpl.invoke0(Native Method)

	at sun.reflect.NativeMethodAccessorImpl.invoke(NativeMethodAccessorImpl.java:62)

	at sun.reflect.DelegatingMethodAccessorImpl.invoke(DelegatingMethodAccessorImpl.java:43)

	at java.lang.reflect.Method.invoke(Method.java:498)

	at org.apache.maven.surefire.util.ReflectionUtils.invokeMethodWithArray(ReflectionUtils.java:189)

	at org.apache.maven.surefire.booter.ProviderFactory$ProviderProxy.invoke(ProviderFactory.java:165)

	at org.apache.maven.surefire.booter.ProviderFactory.invokeProvider(ProviderFactory.java:85)

	at org.apache.maven.surefire.booter.ForkedBooter.runSuitesInProcess(ForkedBooter.java:115)

	at org.apache.maven.surefire.booter.ForkedBooter.main(ForkedBooter.java:75)

test5(com.fresco.jdbcTests.JdbcTest)  Time elapsed: 0.006 sec  <<< ERROR!

java.sql.SQLException: Illegal operation on empty result set.

	at com.mysql.jdbc.SQLError.createSQLException(SQLError.java:1055)

	at com.mysql.jdbc.SQLError.createSQLException(SQLError.java:956)

	at com.mysql.jdbc.SQLError.createSQLException(SQLError.java:926)

	at com.mysql.jdbc.ResultSetImpl.checkRowPos(ResultSetImpl.java:815)

	at com.mysql.jdbc.ResultSetImpl.getInt(ResultSetImpl.java:2593)

	at com.mysql.jdbc.ResultSetImpl.getInt(ResultSetImpl.java:2734)

	at com.fresco.jdbcTests.JdbcTest.helper1(JdbcTest.java:56)

	at com.fresco.jdbcTests.JdbcTest.test5(JdbcTest.java:93)

	at sun.reflect.NativeMethodAccessorImpl.invoke0(Native Method)

	at sun.reflect.NativeMethodAccessorImpl.invoke(NativeMethodAccessorImpl.java:62)

	at sun.reflect.DelegatingMethodAccessorImpl.invoke(DelegatingMethodAccessorImpl.java:43)

	at java.lang.reflect.Method.invoke(Method.java:498)

	at org.junit.runners.model.FrameworkMethod$1.runReflectiveCall(FrameworkMethod.java:59)

	at org.junit.internal.runners.model.ReflectiveCallable.run(ReflectiveCallable.java:12)

	at org.junit.runners.model.FrameworkMethod.invokeExplosively(FrameworkMethod.java:56)

	at org.junit.internal.runners.statements.InvokeMethod.evaluate(InvokeMethod.java:17)

	at org.junit.runners.ParentRunner$3.evaluate(ParentRunner.java:306)

	at org.junit.runners.BlockJUnit4ClassRunner$1.evaluate(BlockJUnit4ClassRunner.java:100)

	at org.junit.runners.ParentRunner.runLeaf(ParentRunner.java:366)

	at org.junit.runners.BlockJUnit4ClassRunner.runChild(BlockJUnit4ClassRunner.java:103)

	at org.junit.runners.BlockJUnit4ClassRunner.runChild(BlockJUnit4ClassRunner.java:63)

	at org.junit.runners.ParentRunner$4.run(ParentRunner.java:331)

	at org.junit.runners.ParentRunner$1.schedule(ParentRunner.java:79)

	at org.junit.runners.ParentRunner.runChildren(ParentRunner.java:329)

	at org.junit.runners.ParentRunner.access$100(ParentRunner.java:66)

	at org.junit.runners.ParentRunner$2.evaluate(ParentRunner.java:293)

	at org.junit.runners.ParentRunner$3.evaluate(ParentRunner.java:306)

	at org.junit.runners.ParentRunner.run(ParentRunner.java:413)

	at org.apache.maven.surefire.junit4.JUnit4Provider.execute(JUnit4Provider.java:252)

	at org.apache.maven.surefire.junit4.JUnit4Provider.executeTestSet(JUnit4Provider.java:141)

	at org.apache.maven.surefire.junit4.JUnit4Provider.invoke(JUnit4Provider.java:112)

	at sun.reflect.NativeMethodAccessorImpl.invoke0(Native Method)

	at sun.reflect.NativeMethodAccessorImpl.invoke(NativeMethodAccessorImpl.java:62)

	at sun.reflect.DelegatingMethodAccessorImpl.invoke(DelegatingMethodAccessorImpl.java:43)

	at java.lang.reflect.Method.invoke(Method.java:498)

	at org.apache.maven.surefire.util.ReflectionUtils.invokeMethodWithArray(ReflectionUtils.java:189)

	at org.apache.maven.surefire.booter.ProviderFactory$ProviderProxy.invoke(ProviderFactory.java:165)

	at org.apache.maven.surefire.booter.ProviderFactory.invokeProvider(ProviderFactory.java:85)

	at org.apache.maven.surefire.booter.ForkedBooter.runSuitesInProcess(ForkedBooter.java:115)

	at org.apache.maven.surefire.booter.ForkedBooter.main(ForkedBooter.java:75)